1571117957050	mozrunner::runner	INFO	Running command: "C:\\Program Files\\Mozilla Firefox\\firefox.exe" "-marionette" "-foreground" "-no-remote" "-profile" "C:\\Users\\COMPUT~1\\AppData\\Local\\Temp\\rust_mozprofileNaloaK"
1571117957764	addons.webextension.screenshots@mozilla.org	WARN	Loading extension 'screenshots@mozilla.org': Reading manifest: Invalid extension permission: mozillaAddons
1571117957765	addons.webextension.screenshots@mozilla.org	WARN	Loading extension 'screenshots@mozilla.org': Reading manifest: Invalid extension permission: telemetry
1571117957765	addons.webextension.screenshots@mozilla.org	WARN	Loading extension 'screenshots@mozilla.org': Reading manifest: Invalid extension permission: resource://pdf.js/
1571117957765	addons.webextension.screenshots@mozilla.org	WARN	Loading extension 'screenshots@mozilla.org': Reading manifest: Invalid extension permission: about:reader*
JavaScript error: resource://gre/modules/XULStore.jsm, line 66: Error: Can't find profile directory.
1571117960667	Marionette	INFO	Listening on port 49963
1571117960875	Marionette	WARN	TLS certificate errors will be ignored for this session
1571117967637	Marionette	WARN	TimedPromise timed out after 0 ms: stacktrace:
bail@chrome://marionette/content/sync.js:237:64
1571117967641	Marionette	WARN	TimedPromise timed out after 0 ms: stacktrace:
bail@chrome://marionette/content/sync.js:237:64
1571117970650	Marionette	INFO	Stopped listening on port 49963
[Child 5880, Chrome_ChildThread] WARNING: pipe error: 109: file z:/task_1570640083/build/src/ipc/chromium/src/chrome/common/ipc_channel_win.cc, line 341
[Child 5880, Chrome_ChildThread] WARNING: pipe error: 109: file z:/task_1570640083/build/src/ipc/chromium/src/chrome/common/ipc_channel_win.cc, line 341
[Parent 6004, Gecko_IOThread] WARNING: pipe error: 109: file z:/task_1570640083/build/src/ipc/chromium/src/chrome/common/ipc_channel_win.cc, line 341
[Child 5340, Chrome_ChildThread] WARNING: pipe error: 109: file z:/task_1570640083/build/src/ipc/chromium/src/chrome/common/ipc_channel_win.cc, line 341
[Child 5340, Chrome_ChildTh
###!!! [Child][RunMessage] Error: Channel closing: too late to send/recv, messages will be lost

[GPU 3560, Chrome_ChildThread] WARNING: pipe 1571117987858	mozrunner::runner	INFO	Running command: "C:\\Program Files\\Mozilla Firefox\\firefox.exe" "-marionette" "-foreground" "-no-remote" "-profile" "C:\\Users\\COMPUT~1\\AppData\\Local\\Temp\\rust_mozprofile6tBSR0"
1571117988547	addons.webextension.screenshots@mozilla.org	WARN	Loading extension 'screenshots@mozilla.org': Reading manifest: Invalid extension permission: mozillaAddons
1571117988548	addons.webextension.screenshots@mozilla.org	WARN	Loading extension 'screenshots@mozilla.org': Reading manifest: Invalid extension permission: telemetry
1571117988548	addons.webextension.screenshots@mozilla.org	WARN	Loading extension 'screenshots@mozilla.org': Reading manifest: Invalid extension permission: resource://pdf.js/
1571117988548	addons.webextension.screenshots@mozilla.org	WARN	Loading extension 'screenshots@mozilla.org': Reading manifest: Invalid extension permission: about:reader*
JavaScript error: resource://gre/modules/XULStore.jsm, line 66: Error: Can't find profile directory.
1571117991448	Marionette	INFO	Listening on port 50021
1571117991665	Marionette	WARN	TLS certificate errors will be ignored for this session
JavaScript error: resource://activity-stream/lib/ActivityStreamPrefs.jsm, line 27: NS_ERROR_ILLEGAL_VALUE: Component returned failure code: 0x80070057 (NS_ERROR_ILLEGAL_VALUE) [nsIPrefBranch.removeObserver]
[Parent 5140, Gecko_IOThread] WARNING: pipe error: 109: file z:/task_1570640083/build/src/ipc/chromium/src/chrome/common/ipc_channel_win.cc, line 341
[Parent 5140, Gecko_IOThread] WARNING: pipe error: 109: file z:/task_1570640083/build/src/ipc/chromium/src/chrome/common/ipc_channel_win.cc, line 341
[Child 5516, Chrome_ChildThread] WARNING: pipe error: 109: file z:/task_1570640083/build/src/ipc/chromium/src/chrome/common/ipc_channel_win.cc, line 341
[Child 2824, Chrome_ChildThread] WARNING: pipe error: 109: file z:/task_1570640083/build/src/ipc/chromium/sr[Parent 5140, Gecko_IOThread] WARNING: file z:/task_1570640083/build/src/ipc/chromium/src/base/process_util_win.cc, line 160
c/chrome/common/ipc_channel_win.cc, line 341
[Child 2824, Chrome_ChildThread] WARNING: pipe error: 109: file z:/task_1570640083/build/src/ipc/chromium/src/chrome/common/ipc_channel_win.cc, line 341
1571117995162	Marionette	INFO	Stopped listening on port 50021
[GPU 1741571118016793	mozrunner::runner	INFO	Running command: "C:\\Program Files\\Mozilla Firefox\\firefox.exe" "-marionette" "-foreground" "-no-remote" "-profile" "C:\\Users\\COMPUT~1\\AppData\\Local\\Temp\\rust_mozprofilelbYcYq"
1571118017523	addons.webextension.screenshots@mozilla.org	WARN	Loading extension 'screenshots@mozilla.org': Reading manifest: Invalid extension permission: mozillaAddons
1571118017523	addons.webextension.screenshots@mozilla.org	WARN	Loading extension 'screenshots@mozilla.org': Reading manifest: Invalid extension permission: telemetry
1571118017524	addons.webextension.screenshots@mozilla.org	WARN	Loading extension 'screenshots@mozilla.org': Reading manifest: Invalid extension permission: resource://pdf.js/
1571118017524	addons.webextension.screenshots@mozilla.org	WARN	Loading extension 'screenshots@mozilla.org': Reading manifest: Invalid extension permission: about:reader*
JavaScript error: resource://gre/modules/XULStore.jsm, line 66: Error: Can't find profile directory.
1571118020834	Marionette	INFO	Listening on port 50054
1571118021145	Marionette	WARN	TLS certificate errors will be ignored for this session
1571118028182	Marionette	WARN	TimedPromise timed out after 0 ms: stacktrace:
bail@chrome://marionette/content/sync.js:237:64
1571118028190	Marionette	WARN	TimedPromise timed out after 0 ms: stacktrace:
bail@chrome://marionette/content/sync.js:237:64
1571118031200	Marionette	INFO	Stopped listening on port 50054
[Child 6712, Chrome_ChildThread] WARNING: pipe error: 109: file z:/task_1570640083/build/src/ipc/chromium/src/chrome/common/ipc_channel_win.cc, line 341
[Child 6712, Chrome_ChildThread] WARNING: pipe error: 109: file z:/task_1570640083/build/src/ipc/chromium/src/chrome/common/ipc_channel_win.cc, line 341
[Child 896, Chrome_ChildThread] WARNING: pipe error: 109: file z:/task_1570640083/build/src/ipc/chromium/src/chrome/common/ipc_channel_win.cc, line 341
[Child 896, Chrome_Ch[GPU 3836, Chrome_Ch1571118139872	mozrunner::runner	INFO	Running command: "C:\\Program Files\\Mozilla Firefox\\firefox.exe" "-marionette" "--headless" "-foreground" "-no-remote" "-profile" "C:\\Users\\COMPUT~1\\AppData\\Local\\Temp\\rust_mozprofilesCW6mD"
*** You are running in headless mode.
1571118140655	addons.webextension.screenshots@mozilla.org	WARN	Loading extension 'screenshots@mozilla.org': Reading manifest: Invalid extension permission: mozillaAddons
1571118140656	addons.webextension.screenshots@mozilla.org	WARN	Loading extension 'screenshots@mozilla.org': Reading manifest: Invalid extension permission: telemetry
1571118140656	addons.webextension.screenshots@mozilla.org	WARN	Loading extension 'screenshots@mozilla.org': Reading manifest: Invalid extension permission: resource://pdf.js/
1571118140656	addons.webextension.screenshots@mozilla.org	WARN	Loading extension 'screenshots@mozilla.org': Reading manifest: Invalid extension permission: about:reader*
JavaScript error: resource://gre/modules/XULStore.jsm, line 66: Error: Can't find profile directory.
1571118143696	Marionette	INFO	Listening on port 50112
1571118144173	Marionette	WARN	TLS certificate errors will be ignored for this session
1571118151379	Marionette	WARN	TimedPromise timed out after 0 ms: stacktrace:
bail@chrome://marionette/content/sync.js:237:64
1571118151384	Marionette	WARN	TimedPromise timed out after 0 ms: stacktrace:
bail@chrome://marionette/content/sync.js:237:64
1571118154393	Marionette	INFO	Stopped listening on port 50112
[Parent 4256, Gecko_IOThread] WARNING: pipe error: 109: file z:/task_1570640083/build/src/ipc/chromium/src/chrome/common/ipc_channel_win.cc, line 341
[Child 6924, Chrome_ChildThread] WARNING: pipe error: 109: file z:/task_1570640083/build/src/ipc/chromium/src/chrome/common/ipc_channel_win.cc, line 341
[Child 5928, Chrome_ChildThread] WARNING: pipe error: 109: file z:/task_1570640083/build/src/ipc/chromium/src/chrome/common/ipc_channel_win.cc, line 341
[Child 5928, Chrom[Parent 4256, Gecko_IOThread] WARNING: file z:/task_1570640083/build/src/ipc/chromium/src/base/process_util_win.cc, line 160
1571118184753	mozrunner::runner	INFO	Running command: "C:\\Program Files\\Mozilla Firefox\\firefox.exe" "-marionette" "--private" "-foreground" "-no-remote" "-profile" "C:\\Users\\COMPUT~1\\AppData\\Local\\Temp\\rust_mozprofilep7lHw7"
1571118185502	addons.webextension.screenshots@mozilla.org	WARN	Loading extension 'screenshots@mozilla.org': Reading manifest: Invalid extension permission: mozillaAddons
1571118185502	addons.webextension.screenshots@mozilla.org	WARN	Loading extension 'screenshots@mozilla.org': Reading manifest: Invalid extension permission: telemetry
1571118185502	addons.webextension.screenshots@mozilla.org	WARN	Loading extension 'screenshots@mozilla.org': Reading manifest: Invalid extension permission: resource://pdf.js/
1571118185502	addons.webextension.screenshots@mozilla.org	WARN	Loading extension 'screenshots@mozilla.org': Reading manifest: Invalid extension permission: about:reader*
JavaScript error: resource://gre/modules/XULStore.jsm, line 66: Error: Can't find profile directory.
JavaScript error: chrome://browser/content/aboutPrivateBrowsing.js, line 8: ReferenceError: RPMIsWindowPrivate is not defined
1571118188404	Marionette	INFO	Listening on port 50168
1571118188561	Marionette	WARN	TLS certificate errors will be ignored for this session
1571118195396	Marionette	WARN	TimedPromise timed out after 0 ms: stacktrace:
bail@chrome://marionette/content/sync.js:237:64
1571118195399	Marionette	WARN	TimedPromise timed out after 0 ms: stacktrace:
bail@chrome://marionette/content/sync.js:237:64
1571118198415	Marionette	INFO	Stopped listening on port 50168
[Child 3800, Chrome_ChildThread] WARNING: pipe error: 109: file z:/task_1570640083/build/src/ipc/chromium/src/chrome/common/ipc_channel_win.cc, line 341
[Child 3800, Chrome_ChildThread] WARNING: pipe error: 109: file z:/task_1570640083/build/src/ipc/chromium/src/chrome/common/ipc_channel_win.cc, line 341
[Parent 5820, Gecko_IOThread] WARNING: pipe error: 109: file z:/task_1570640083/build/src/ipc/chromium/src/chrome/common/ipc_channel_win.cc, line 341
[Child 6364, Chrome_ChildThread] WARNING: pipe error: 109: file z:/task_1570640083/build/src/ipc/chromium/src/chrome/common/ipc_channel_win.cc, line 341
[Child 6364, Chrome_ChildThread] WARNING[GPU 3028, 